determine-basal://text/shell/enact/suggested.json
reporting enact/suggested.json
{"temp":"absolute","bg":257,"tick":"+2","eventualBG":120,"snoozeBG":182,"mealAssist":"Off: Carbs: undefined Boluses: undefined ISF: 30, Target: 90 Deviation: 47 BGI: -13.56","reason":"Eventual BG 120>=90, temp 1.3<3.1U/hr","duration":30,"rate":3.1}
pump://JSON/set_temp_basal/enact/enacted.json
reporting enact/enacted.json
{
  "bg": 257, 
  "temp": "absolute", 
  "snoozeBG": 182, 
  "recieved": true, 
  "rate": 3.1, 
  "reason": "Eventual BG 120>=90, temp 1.3<3.1U/hr", 
  "eventualBG": 120, 
  "timestamp": "2016-06-17T00:16:46.097847", 
  "duration": 30, 
  "mealAssist": "Off: Carbs: undefined Boluses: undefined ISF: 30, Target: 90 Deviation: 47 BGI: -13.56", 
  "tick": "+2"
}

Fri 17 Jun 00:38:53 PDT 2016
  "iob": 6.135
